This is pdfTeX, Version 3.141592653-2.6-1.40.24 (TeX Live 2022) (preloaded format=pdflatex 2022.4.5)  7 JUN 2023 10:15
entering extended mode
 \write18 enabled.
 file:line:error style messages enabled.
 %&-line parsing enabled.
**/home/maxence/tipe/presentation/tex/main.tex
(/home/maxence/tipe/presentation/tex/main.tex
LaTeX2e <2021-11-15> patch level 1
L3 programming layer <2022-02-24> (/usr/local/texlive/2022/texmf-dist/tex/latex/currfile/currfile.sty
Package: currfile 2020/09/29 v0.7d Provides the file path elements of the current input file
 (/usr/local/texlive/2022/texmf-dist/tex/latex/kvoptions/kvoptions.sty
Package: kvoptions 2020-10-07 v3.14 Key value format for package options (HO)
 (/usr/local/texlive/2022/texmf-dist/tex/latex/graphics/keyval.sty
Package: keyval 2014/10/28 v1.15 key=value parser (DPC)
\KV@toks@=\toks16
) (/usr/local/texlive/2022/texmf-dist/tex/generic/ltxcmds/ltxcmds.sty
Package: ltxcmds 2020-05-10 v1.25 LaTeX kernel commands for general use (HO)
) (/usr/local/texlive/2022/texmf-dist/tex/generic/kvsetkeys/kvsetkeys.sty
Package: kvsetkeys 2019/12/15 v1.18 Key value parser (HO)
)) (/usr/local/texlive/2022/texmf-dist/tex/latex/filehook/filehook.sty
Package: filehook 2020/09/29 v0.8a Hooks for input files
 (/usr/local/texlive/2022/texmf-dist/tex/latex/filehook/filehook-2020.sty
Package: filehook-2020 2020/09/29 v0.8a Hooks for input files
))
\c@currfiledepth=\count185
) (/usr/local/texlive/2022/texmf-dist/tex/latex/beamer/beamer.cls
Document Class: beamer 2022/02/08 v3.66 A class for typesetting presentations
(/usr/local/texlive/2022/texmf-dist/tex/latex/beamer/beamerbasemodes.sty (/usr/local/texlive/2022/texmf-dist/tex/latex/etoolbox/etoolbox.sty
Package: etoolbox 2020/10/05 v2.5k e-TeX tools for LaTeX (JAW)
\etb@tempcnta=\count186
)
\beamer@tempbox=\box50
\beamer@tempcount=\count187
\c@beamerpauses=\count188
 (/usr/local/texlive/2022/texmf-dist/tex/latex/beamer/beamerbasedecode.sty
\beamer@slideinframe=\count189
\beamer@minimum=\count190
\beamer@decode@box=\box51
)
\beamer@commentbox=\box52
\beamer@modecount=\count191
) (/usr/local/texlive/2022/texmf-dist/tex/generic/iftex/iftex.sty
Package: iftex 2022/02/03 v1.0f TeX engine tests
)
\headdp=\dimen138
\footheight=\dimen139
\sidebarheight=\dimen140
\beamer@tempdim=\dimen141
\beamer@finalheight=\dimen142
\beamer@animht=\dimen143
\beamer@animdp=\dimen144
\beamer@animwd=\dimen145
\beamer@leftmargin=\dimen146
\beamer@rightmargin=\dimen147
\beamer@leftsidebar=\dimen148
\beamer@rightsidebar=\dimen149
\beamer@boxsize=\dimen150
\beamer@vboxoffset=\dimen151
\beamer@descdefault=\dimen152
\beamer@descriptionwidth=\dimen153
\beamer@lastskip=\skip47
\beamer@areabox=\box53
\beamer@animcurrent=\box54
\beamer@animshowbox=\box55
\beamer@sectionbox=\box56
\beamer@logobox=\box57
\beamer@linebox=\box58
\beamer@sectioncount=\count192
\beamer@subsubsectionmax=\count193
\beamer@subsectionmax=\count194
\beamer@sectionmax=\count195
\beamer@totalheads=\count196
\beamer@headcounter=\count197
\beamer@partstartpage=\count198
\beamer@sectionstartpage=\count199
\beamer@subsectionstartpage=\count266
\beamer@animationtempa=\count267
\beamer@animationtempb=\count268
\beamer@xpos=\count269
\beamer@ypos=\count270
\beamer@ypos@offset=\count271
\beamer@showpartnumber=\count272
\beamer@currentsubsection=\count273
\beamer@coveringdepth=\count274
\beamer@sectionadjust=\count275
\beamer@toclastsection=\count276
\beamer@tocsectionnumber=\count277
 (/usr/local/texlive/2022/texmf-dist/tex/latex/beamer/beamerbaseoptions.sty)
\beamer@paperwidth=\skip48
\beamer@paperheight=\skip49
 (/usr/local/texlive/2022/texmf-dist/tex/latex/geometry/geometry.sty
Package: geometry 2020/01/02 v5.9 Page Geometry
 (/usr/local/texlive/2022/texmf-dist/tex/generic/iftex/ifvtex.sty
Package: ifvtex 2019/10/25 v1.7 ifvtex legacy package. Use iftex instead.
)
\Gm@cnth=\count278
\Gm@cntv=\count279
\c@Gm@tempcnt=\count280
\Gm@bindingoffset=\dimen154
\Gm@wd@mp=\dimen155
\Gm@odd@mp=\dimen156
\Gm@even@mp=\dimen157
\Gm@layoutwidth=\dimen158
\Gm@layoutheight=\dimen159
\Gm@layouthoffset=\dimen160
\Gm@layoutvoffset=\dimen161
\Gm@dimlist=\toks17
) (/usr/local/texlive/2022/texmf-dist/tex/latex/pgf/math/pgfmath.sty (/usr/local/texlive/2022/texmf-dist/tex/latex/pgf/utilities/pgfrcs.sty (/usr/local/texlive/2022/texmf-dist/tex/generic/pgf/utilities/pgfutil-common.tex
\pgfutil@everybye=\toks18
\pgfutil@tempdima=\dimen162
\pgfutil@tempdimb=\dimen163
 (/usr/local/texlive/2022/texmf-dist/tex/generic/pgf/utilities/pgfutil-common-lists.tex)) (/usr/local/texlive/2022/texmf-dist/tex/generic/pgf/utilities/pgfutil-latex.def
\pgfutil@abb=\box59
) (/usr/local/texlive/2022/texmf-dist/tex/generic/pgf/utilities/pgfrcs.code.tex (/usr/local/texlive/2022/texmf-dist/tex/generic/pgf/pgf.revision.tex)
Package: pgfrcs 2021/05/15 v3.1.9a (3.1.9a)
)) (/usr/local/texlive/2022/texmf-dist/tex/latex/pgf/utilities/pgfkeys.sty (/usr/local/texlive/2022/texmf-dist/tex/generic/pgf/utilities/pgfkeys.code.tex
\pgfkeys@pathtoks=\toks19
\pgfkeys@temptoks=\toks20
 (/usr/local/texlive/2022/texmf-dist/tex/generic/pgf/utilities/pgfkeysfiltered.code.tex
\pgfkeys@tmptoks=\toks21
))) (/usr/local/texlive/2022/texmf-dist/tex/generic/pgf/math/pgfmath.code.tex (/usr/local/texlive/2022/texmf-dist/tex/generic/pgf/math/pgfmathcalc.code.tex (/usr/local/texlive/2022/texmf-dist/tex/generic/pgf/math/pgfmathutil.code.tex
\pgf@x=\dimen164
\pgf@xa=\dimen165
\pgf@xb=\dimen166
\pgf@xc=\dimen167
\pgf@y=\dimen168
\pgf@ya=\dimen169
\pgf@yb=\dimen170
\pgf@yc=\dimen171
\c@pgf@counta=\count281
\c@pgf@countb=\count282
\c@pgf@countc=\count283
\c@pgf@countd=\count284
) (/usr/local/texlive/2022/texmf-dist/tex/generic/pgf/math/pgfmathparser.code.tex
\pgfmath@dimen=\dimen172
\pgfmath@count=\count285
\pgfmath@box=\box60
\pgfmath@toks=\toks22
\pgfmath@stack@operand=\toks23
\pgfmath@stack@operation=\toks24
) (/usr/local/texlive/2022/texmf-dist/tex/generic/pgf/math/pgfmathfunctions.code.tex (/usr/local/texlive/2022/texmf-dist/tex/generic/pgf/math/pgfmathfunctions.basic.code.tex) (/usr/local/texlive/2022/texmf-dist/tex/generic/pgf/math/pgfmathfunctions.trigonometric.code.tex) (/usr/local/texlive/2022/texmf-dist/tex/generic/pgf/math/pgfmathfunctions.random.code.tex) (/usr/local/texlive/2022/texmf-dist/tex/generic/pgf/math/pgfmathfunctions.comparison.code.tex) (/usr/local/texlive/2022/texmf-dist/tex/generic/pgf/math/pgfmathfunctions.base.code.tex) (/usr/local/texlive/2022/texmf-dist/tex/generic/pgf/math/pgfmathfunctions.round.code.tex) (/usr/local/texlive/2022/texmf-dist/tex/generic/pgf/math/pgfmathfunctions.misc.code.tex) (/usr/local/texlive/2022/texmf-dist/tex/generic/pgf/math/pgfmathfunctions.integerarithmetics.code.tex))) (/usr/local/texlive/2022/texmf-dist/tex/generic/pgf/math/pgfmathfloat.code.tex
\c@pgfmathroundto@lastzeros=\count286
))) (/usr/local/texlive/2022/texmf-dist/tex/latex/base/size11.clo
File: size11.clo 2021/10/04 v1.4n Standard LaTeX file (size option)
) (/usr/local/texlive/2022/texmf-dist/tex/latex/pgf/basiclayer/pgfcore.sty (/usr/local/texlive/2022/texmf-dist/tex/latex/graphics/graphicx.sty
Package: graphicx 2021/09/16 v1.2d Enhanced LaTeX Graphics (DPC,SPQR)
 (/usr/local/texlive/2022/texmf-dist/tex/latex/graphics/graphics.sty
Package: graphics 2021/03/04 v1.4d Standard LaTeX Graphics (DPC,SPQR)
 (/usr/local/texlive/2022/texmf-dist/tex/latex/graphics/trig.sty
Package: trig 2021/08/11 v1.11 sin cos tan (DPC)
) (/usr/local/texlive/2022/texmf-dist/tex/latex/graphics-cfg/graphics.cfg
File: graphics.cfg 2016/06/04 v1.11 sample graphics configuration
)
Package graphics Info: Driver file: pdftex.def on input line 107.
 (/usr/local/texlive/2022/texmf-dist/tex/latex/graphics-def/pdftex.def
File: pdftex.def 2020/10/05 v1.2a Graphics/color driver for pdftex
))
\Gin@req@height=\dimen173
\Gin@req@width=\dimen174
) (/usr/local/texlive/2022/texmf-dist/tex/latex/pgf/systemlayer/pgfsys.sty (/usr/local/texlive/2022/texmf-dist/tex/generic/pgf/systemlayer/pgfsys.code.tex
Package: pgfsys 2021/05/15 v3.1.9a (3.1.9a)
 (/usr/local/texlive/2022/texmf-dist/tex/generic/pgf/utilities/pgfkeys.code.tex)
\pgf@x=\dimen175
\pgf@y=\dimen176
\pgf@xa=\dimen177
\pgf@ya=\dimen178
\pgf@xb=\dimen179
\pgf@yb=\dimen180
\pgf@xc=\dimen181
\pgf@yc=\dimen182
\pgf@xd=\dimen183
\pgf@yd=\dimen184
\w@pgf@writea=\write3
\r@pgf@reada=\read2
\c@pgf@counta=\count287
\c@pgf@countb=\count288
\c@pgf@countc=\count289
\c@pgf@countd=\count290
\t@pgf@toka=\toks25
\t@pgf@tokb=\toks26
\t@pgf@tokc=\toks27
\pgf@sys@id@count=\count291
 (/usr/local/texlive/2022/texmf-dist/tex/generic/pgf/systemlayer/pgf.cfg
File: pgf.cfg 2021/05/15 v3.1.9a (3.1.9a)
)
Driver file for pgf: pgfsys-pdftex.def
 (/usr/local/texlive/2022/texmf-dist/tex/generic/pgf/systemlayer/pgfsys-pdftex.def
File: pgfsys-pdftex.def 2021/05/15 v3.1.9a (3.1.9a)
 (/usr/local/texlive/2022/texmf-dist/tex/generic/pgf/systemlayer/pgfsys-common-pdf.def
File: pgfsys-common-pdf.def 2021/05/15 v3.1.9a (3.1.9a)
))) (/usr/local/texlive/2022/texmf-dist/tex/generic/pgf/systemlayer/pgfsyssoftpath.code.tex
File: pgfsyssoftpath.code.tex 2021/05/15 v3.1.9a (3.1.9a)
\pgfsyssoftpath@smallbuffer@items=\count292
\pgfsyssoftpath@bigbuffer@items=\count293
) (/usr/local/texlive/2022/texmf-dist/tex/generic/pgf/systemlayer/pgfsysprotocol.code.tex
File: pgfsysprotocol.code.tex 2021/05/15 v3.1.9a (3.1.9a)
)) (/usr/local/texlive/2022/texmf-dist/tex/latex/xcolor/xcolor.sty
Package: xcolor 2021/10/31 v2.13 LaTeX color extensions (UK)
 (/usr/local/texlive/2022/texmf-dist/tex/latex/graphics-cfg/color.cfg
File: color.cfg 2016/01/02 v1.6 sample color configuration
)
Package xcolor Info: Driver file: pdftex.def on input line 227.
Package xcolor Info: Model `cmy' substituted by `cmy0' on input line 1352.
Package xcolor Info: Model `hsb' substituted by `rgb' on input line 1356.
Package xcolor Info: Model `RGB' extended on input line 1368.
Package xcolor Info: Model `HTML' substituted by `rgb' on input line 1370.
Package xcolor Info: Model `Hsb' substituted by `hsb' on input line 1371.
Package xcolor Info: Model `tHsb' substituted by `hsb' on input line 1372.
Package xcolor Info: Model `HSB' substituted by `hsb' on input line 1373.
Package xcolor Info: Model `Gray' substituted by `gray' on input line 1374.
Package xcolor Info: Model `wave' substituted by `hsb' on input line 1375.
) (/usr/local/texlive/2022/texmf-dist/tex/generic/pgf/basiclayer/pgfcore.code.tex
Package: pgfcore 2021/05/15 v3.1.9a (3.1.9a)
 (/usr/local/texlive/2022/texmf-dist/tex/generic/pgf/math/pgfmath.code.tex) (/usr/local/texlive/2022/texmf-dist/tex/generic/pgf/math/pgfint.code.tex) (/usr/local/texlive/2022/texmf-dist/tex/generic/pgf/basiclayer/pgfcorepoints.code.tex
File: pgfcorepoints.code.tex 2021/05/15 v3.1.9a (3.1.9a)
\pgf@picminx=\dimen185
\pgf@picmaxx=\dimen186
\pgf@picminy=\dimen187
\pgf@picmaxy=\dimen188
\pgf@pathminx=\dimen189
\pgf@pathmaxx=\dimen190
\pgf@pathminy=\dimen191
\pgf@pathmaxy=\dimen192
\pgf@xx=\dimen193
\pgf@xy=\dimen194
\pgf@yx=\dimen195
\pgf@yy=\dimen196
\pgf@zx=\dimen197
\pgf@zy=\dimen198
) (/usr/local/texlive/2022/texmf-dist/tex/generic/pgf/basiclayer/pgfcorepathconstruct.code.tex
File: pgfcorepathconstruct.code.tex 2021/05/15 v3.1.9a (3.1.9a)
\pgf@path@lastx=\dimen199
\pgf@path@lasty=\dimen256
) (/usr/local/texlive/2022/texmf-dist/tex/generic/pgf/basiclayer/pgfcorepathusage.code.tex
File: pgfcorepathusage.code.tex 2021/05/15 v3.1.9a (3.1.9a)
\pgf@shorten@end@additional=\dimen257
\pgf@shorten@start@additional=\dimen258
) (/usr/local/texlive/2022/texmf-dist/tex/generic/pgf/basiclayer/pgfcorescopes.code.tex
File: pgfcorescopes.code.tex 2021/05/15 v3.1.9a (3.1.9a)
\pgfpic=\box61
\pgf@hbox=\box62
\pgf@layerbox@main=\box63
\pgf@picture@serial@count=\count294
) (/usr/local/texlive/2022/texmf-dist/tex/generic/pgf/basiclayer/pgfcoregraphicstate.code.tex
File: pgfcoregraphicstate.code.tex 2021/05/15 v3.1.9a (3.1.9a)
\pgflinewidth=\dimen259
) (/usr/local/texlive/2022/texmf-dist/tex/generic/pgf/basiclayer/pgfcoretransformations.code.tex
File: pgfcoretransformations.code.tex 2021/05/15 v3.1.9a (3.1.9a)
\pgf@pt@x=\dimen260
\pgf@pt@y=\dimen261
\pgf@pt@temp=\dimen262
) (/usr/local/texlive/2022/texmf-dist/tex/generic/pgf/basiclayer/pgfcorequick.code.tex
File: pgfcorequick.code.tex 2021/05/15 v3.1.9a (3.1.9a)
) (/usr/local/texlive/2022/texmf-dist/tex/generic/pgf/basiclayer/pgfcoreobjects.code.tex
File: pgfcoreobjects.code.tex 2021/05/15 v3.1.9a (3.1.9a)
) (/usr/local/texlive/2022/texmf-dist/tex/generic/pgf/basiclayer/pgfcorepathprocessing.code.tex
File: pgfcorepathprocessing.code.tex 2021/05/15 v3.1.9a (3.1.9a)
) (/usr/local/texlive/2022/texmf-dist/tex/generic/pgf/basiclayer/pgfcorearrows.code.tex
File: pgfcorearrows.code.tex 2021/05/15 v3.1.9a (3.1.9a)
\pgfarrowsep=\dimen263
) (/usr/local/texlive/2022/texmf-dist/tex/generic/pgf/basiclayer/pgfcoreshade.code.tex
File: pgfcoreshade.code.tex 2021/05/15 v3.1.9a (3.1.9a)
\pgf@max=\dimen264
\pgf@sys@shading@range@num=\count295
\pgf@shadingcount=\count296
) (/usr/local/texlive/2022/texmf-dist/tex/generic/pgf/basiclayer/pgfcoreimage.code.tex
File: pgfcoreimage.code.tex 2021/05/15 v3.1.9a (3.1.9a)
 (/usr/local/texlive/2022/texmf-dist/tex/generic/pgf/basiclayer/pgfcoreexternal.code.tex
File: pgfcoreexternal.code.tex 2021/05/15 v3.1.9a (3.1.9a)
\pgfexternal@startupbox=\box64
)) (/usr/local/texlive/2022/texmf-dist/tex/generic/pgf/basiclayer/pgfcorelayers.code.tex
File: pgfcorelayers.code.tex 2021/05/15 v3.1.9a (3.1.9a)
) (/usr/local/texlive/2022/texmf-dist/tex/generic/pgf/basiclayer/pgfcoretransparency.code.tex
File: pgfcoretransparency.code.tex 2021/05/15 v3.1.9a (3.1.9a)
) (/usr/local/texlive/2022/texmf-dist/tex/generic/pgf/basiclayer/pgfcorepatterns.code.tex
File: pgfcorepatterns.code.tex 2021/05/15 v3.1.9a (3.1.9a)
) (/usr/local/texlive/2022/texmf-dist/tex/generic/pgf/basiclayer/pgfcorerdf.code.tex
File: pgfcorerdf.code.tex 2021/05/15 v3.1.9a (3.1.9a)
))) (/usr/local/texlive/2022/texmf-dist/tex/latex/pgf/utilities/xxcolor.sty
Package: xxcolor 2003/10/24 ver 0.1
\XC@nummixins=\count297
\XC@countmixins=\count298
) (/usr/local/texlive/2022/texmf-dist/tex/latex/base/atbegshi-ltx.sty
Package: atbegshi-ltx 2021/01/10 v1.0c Emulation of the original atbegshi
package with kernel methods
) (/usr/local/texlive/2022/texmf-dist/tex/latex/hyperref/hyperref.sty
Package: hyperref 2022-02-21 v7.00n Hypertext links for LaTeX
 (/usr/local/texlive/2022/texmf-dist/tex/generic/pdftexcmds/pdftexcmds.sty
Package: pdftexcmds 2020-06-27 v0.33 Utility functions of pdfTeX for LuaTeX (HO)
 (/usr/local/texlive/2022/texmf-dist/tex/generic/infwarerr/infwarerr.sty
Package: infwarerr 2019/12/03 v1.5 Providing info/warning/error messages (HO)
)
Package pdftexcmds Info: \pdf@primitive is available.
Package pdftexcmds Info: \pdf@ifprimitive is available.
Package pdftexcmds Info: \pdfdraftmode found.
) (/usr/local/texlive/2022/texmf-dist/tex/generic/kvdefinekeys/kvdefinekeys.sty
Package: kvdefinekeys 2019-12-19 v1.6 Define keys (HO)
) (/usr/local/texlive/2022/texmf-dist/tex/generic/pdfescape/pdfescape.sty
Package: pdfescape 2019/12/09 v1.15 Implements pdfTeX's escape features (HO)
) (/usr/local/texlive/2022/texmf-dist/tex/latex/hycolor/hycolor.sty
Package: hycolor 2020-01-27 v1.10 Color options for hyperref/bookmark (HO)
) (/usr/local/texlive/2022/texmf-dist/tex/latex/letltxmacro/letltxmacro.sty
Package: letltxmacro 2019/12/03 v1.6 Let assignment for LaTeX macros (HO)
) (/usr/local/texlive/2022/texmf-dist/tex/latex/auxhook/auxhook.sty
Package: auxhook 2019-12-17 v1.6 Hooks for auxiliary files (HO)
)
\@linkdim=\dimen265
\Hy@linkcounter=\count299
\Hy@pagecounter=\count300
 (/usr/local/texlive/2022/texmf-dist/tex/latex/hyperref/pd1enc.def
File: pd1enc.def 2022-02-21 v7.00n Hyperref: PDFDocEncoding definition (HO)
Now handling font encoding PD1 ...
... no UTF-8 mapping file for font encoding PD1
) (/usr/local/texlive/2022/texmf-dist/tex/generic/intcalc/intcalc.sty
Package: intcalc 2019/12/15 v1.3 Expandable calculations with integers (HO)
) (/usr/local/texlive/2022/texmf-dist/tex/generic/etexcmds/etexcmds.sty
Package: etexcmds 2019/12/15 v1.7 Avoid name clashes with e-TeX commands (HO)
)
\Hy@SavedSpaceFactor=\count301
 (/usr/local/texlive/2022/texmf-dist/tex/latex/hyperref/puenc.def
File: puenc.def 2022-02-21 v7.00n Hyperref: PDF Unicode definition (HO)
Now handling font encoding PU ...
... no UTF-8 mapping file for font encoding PU
)
Package hyperref Info: Option `bookmarks' set `true' on input line 4018.
Package hyperref Info: Option `bookmarksopen' set `true' on input line 4018.
Package hyperref Info: Option `implicit' set `false' on input line 4018.
Package hyperref Info: Hyper figures OFF on input line 4137.
Package hyperref Info: Link nesting OFF on input line 4142.
Package hyperref Info: Hyper index ON on input line 4145.
Package hyperref Info: Plain pages OFF on input line 4152.
Package hyperref Info: Backreferencing OFF on input line 4157.
Package hyperref Info: Implicit mode OFF; no redefinition of LaTeX internals.
Package hyperref Info: Bookmarks ON on input line 4390.
\c@Hy@tempcnt=\count302
 (/usr/local/texlive/2022/texmf-dist/tex/latex/url/url.sty
\Urlmuskip=\muskip16
Package: url 2013/09/16  ver 3.4  Verb mode for urls, etc.
)
LaTeX Info: Redefining \url on input line 4749.
\XeTeXLinkMargin=\dimen266
 (/usr/local/texlive/2022/texmf-dist/tex/generic/bitset/bitset.sty
Package: bitset 2019/12/09 v1.3 Handle bit-vector datatype (HO)
 (/usr/local/texlive/2022/texmf-dist/tex/generic/bigintcalc/bigintcalc.sty
Package: bigintcalc 2019/12/15 v1.5 Expandable calculations on big integers (HO)
))
\Fld@menulength=\count303
\Field@Width=\dimen267
\Fld@charsize=\dimen268
Package hyperref Info: Hyper figures OFF on input line 6027.
Package hyperref Info: Link nesting OFF on input line 6032.
Package hyperref Info: Hyper index ON on input line 6035.
Package hyperref Info: backreferencing OFF on input line 6042.
Package hyperref Info: Link coloring OFF on input line 6047.
Package hyperref Info: Link coloring with OCG OFF on input line 6052.
Package hyperref Info: PDF/A mode OFF on input line 6057.
LaTeX Info: Redefining \ref on input line 6097.
LaTeX Info: Redefining \pageref on input line 6101.
\Hy@abspage=\count304


Package hyperref Message: Stopped early.

)
Package hyperref Info: Driver (autodetected): hpdftex.
 (/usr/local/texlive/2022/texmf-dist/tex/latex/hyperref/hpdftex.def
File: hpdftex.def 2022-02-21 v7.00n Hyperref driver for pdfTeX
 (/usr/local/texlive/2022/texmf-dist/tex/latex/base/atveryend-ltx.sty
Package: atveryend-ltx 2020/08/19 v1.0a Emulation of the original atveryend package
with kernel methods
)
\Fld@listcount=\count305
\c@bookmark@seq@number=\count306
 (/usr/local/texlive/2022/texmf-dist/tex/latex/rerunfilecheck/rerunfilecheck.sty
Package: rerunfilecheck 2019/12/05 v1.9 Rerun checks for auxiliary files (HO)
 (/usr/local/texlive/2022/texmf-dist/tex/generic/uniquecounter/uniquecounter.sty
Package: uniquecounter 2019/12/15 v1.4 Provide unlimited unique counter (HO)
)
Package uniquecounter Info: New unique counter `rerunfilecheck' on input line 286.
)) (/usr/local/texlive/2022/texmf-dist/tex/latex/beamer/beamerbaserequires.sty (/usr/local/texlive/2022/texmf-dist/tex/latex/beamer/beamerbasecompatibility.sty) (/usr/local/texlive/2022/texmf-dist/tex/latex/beamer/beamerbasefont.sty (/usr/local/texlive/2022/texmf-dist/tex/latex/amsfonts/amssymb.sty
Package: amssymb 2013/01/14 v3.01 AMS font symbols
 (/usr/local/texlive/2022/texmf-dist/tex/latex/amsfonts/amsfonts.sty
Package: amsfonts 2013/01/14 v3.01 Basic AMSFonts support
\@emptytoks=\toks28
\symAMSa=\mathgroup4
\symAMSb=\mathgroup5
LaTeX Font Info:    Redeclaring math symbol \hbar on input line 98.
LaTeX Font Info:    Overwriting math alphabet `\mathfrak' in version `bold'
(Font)                  U/euf/m/n --> U/euf/b/n on input line 106.
)) (/usr/local/texlive/2022/texmf-dist/tex/latex/sansmathaccent/sansmathaccent.sty
Package: sansmathaccent 2020/01/31
 (/usr/local/texlive/2022/texmf-dist/tex/latex/koma-script/scrlfile.sty
Package: scrlfile 2021/11/13 v3.35 KOMA-Script package (file load hooks)
 (/usr/local/texlive/2022/texmf-dist/tex/latex/koma-script/scrlfile-hook.sty
Package: scrlfile-hook 2021/11/13 v3.35 KOMA-Script package (using LaTeX hooks)
 (/usr/local/texlive/2022/texmf-dist/tex/latex/koma-script/scrlogo.sty
Package: scrlogo 2021/11/13 v3.35 KOMA-Script package (logo)
))))) (/usr/local/texlive/2022/texmf-dist/tex/latex/beamer/beamerbasetranslator.sty (/usr/local/texlive/2022/texmf-dist/tex/latex/translator/translator.sty
Package: translator 2021-05-31 v1.12d Easy translation of strings in LaTeX
)) (/usr/local/texlive/2022/texmf-dist/tex/latex/beamer/beamerbasemisc.sty) (/usr/local/texlive/2022/texmf-dist/tex/latex/beamer/beamerbasetwoscreens.sty) (/usr/local/texlive/2022/texmf-dist/tex/latex/beamer/beamerbaseoverlay.sty
\beamer@argscount=\count307
\beamer@lastskipcover=\skip50
\beamer@trivlistdepth=\count308
) (/usr/local/texlive/2022/texmf-dist/tex/latex/beamer/beamerbasetitle.sty) (/usr/local/texlive/2022/texmf-dist/tex/latex/beamer/beamerbasesection.sty
\c@lecture=\count309
\c@part=\count310
\c@section=\count311
\c@subsection=\count312
\c@subsubsection=\count313
) (/usr/local/texlive/2022/texmf-dist/tex/latex/beamer/beamerbaseframe.sty
\beamer@framebox=\box65
\beamer@frametitlebox=\box66
\beamer@zoombox=\box67
\beamer@zoomcount=\count314
\beamer@zoomframecount=\count315
\beamer@frametextheight=\dimen269
\c@subsectionslide=\count316
\beamer@frametopskip=\skip51
\beamer@framebottomskip=\skip52
\beamer@frametopskipautobreak=\skip53
\beamer@framebottomskipautobreak=\skip54
\beamer@envbody=\toks29
\framewidth=\dimen270
\c@framenumber=\count317
) (/usr/local/texlive/2022/texmf-dist/tex/latex/beamer/beamerbaseverbatim.sty
\beamer@verbatimfileout=\write4
) (/usr/local/texlive/2022/texmf-dist/tex/latex/beamer/beamerbaseframesize.sty
\beamer@splitbox=\box68
\beamer@autobreakcount=\count318
\beamer@autobreaklastheight=\dimen271
\beamer@frametitletoks=\toks30
\beamer@framesubtitletoks=\toks31
) (/usr/local/texlive/2022/texmf-dist/tex/latex/beamer/beamerbaseframecomponents.sty
\beamer@footins=\box69
) (/usr/local/texlive/2022/texmf-dist/tex/latex/beamer/beamerbasecolor.sty) (/usr/local/texlive/2022/texmf-dist/tex/latex/beamer/beamerbasenotes.sty
\beamer@frameboxcopy=\box70
) (/usr/local/texlive/2022/texmf-dist/tex/latex/beamer/beamerbasetoc.sty) (/usr/local/texlive/2022/texmf-dist/tex/latex/beamer/beamerbasetemplates.sty
\beamer@sbttoks=\toks32
 (/usr/local/texlive/2022/texmf-dist/tex/latex/beamer/beamerbaseauxtemplates.sty (/usr/local/texlive/2022/texmf-dist/tex/latex/beamer/beamerbaseboxes.sty
\bmb@box=\box71
\bmb@colorbox=\box72
\bmb@boxwidth=\dimen272
\bmb@boxheight=\dimen273
\bmb@prevheight=\dimen274
\bmb@temp=\dimen275
\bmb@dima=\dimen276
\bmb@dimb=\dimen277
\bmb@prevheight=\dimen278
)
\beamer@blockheadheight=\dimen279
)) (/usr/local/texlive/2022/texmf-dist/tex/latex/beamer/beamerbaselocalstructure.sty (/usr/local/texlive/2022/texmf-dist/tex/latex/tools/enumerate.sty
Package: enumerate 2015/07/23 v3.00 enumerate extensions (DPC)
\@enLab=\toks33
)
\beamer@bibiconwidth=\skip55
\c@figure=\count319
\c@table=\count320
\abovecaptionskip=\skip56
\belowcaptionskip=\skip57
) (/usr/local/texlive/2022/texmf-dist/tex/latex/beamer/beamerbasenavigation.sty
\beamer@section@min@dim=\dimen280
) (/usr/local/texlive/2022/texmf-dist/tex/latex/beamer/beamerbasetheorems.sty (/usr/local/texlive/2022/texmf-dist/tex/latex/amsmath/amsmath.sty
Package: amsmath 2021/10/15 v2.17l AMS math features
\@mathmargin=\skip58

For additional information on amsmath, use the `?' option.
(/usr/local/texlive/2022/texmf-dist/tex/latex/amsmath/amstext.sty
Package: amstext 2021/08/26 v2.01 AMS text
 (/usr/local/texlive/2022/texmf-dist/tex/latex/amsmath/amsgen.sty
File: amsgen.sty 1999/11/30 v2.0 generic functions
\@emptytoks=\toks34
\ex@=\dimen281
)) (/usr/local/texlive/2022/texmf-dist/tex/latex/amsmath/amsbsy.sty
Package: amsbsy 1999/11/29 v1.2d Bold Symbols
\pmbraise@=\dimen282
) (/usr/local/texlive/2022/texmf-dist/tex/latex/amsmath/amsopn.sty
Package: amsopn 2021/08/26 v2.02 operator names
)
\inf@bad=\count321
LaTeX Info: Redefining \frac on input line 234.
\uproot@=\count322
\leftroot@=\count323
LaTeX Info: Redefining \overline on input line 399.
\classnum@=\count324
\DOTSCASE@=\count325
LaTeX Info: Redefining \ldots on input line 496.
LaTeX Info: Redefining \dots on input line 499.
LaTeX Info: Redefining \cdots on input line 620.
\Mathstrutbox@=\box73
\strutbox@=\box74
\big@size=\dimen283
LaTeX Font Info:    Redeclaring font encoding OML on input line 743.
LaTeX Font Info:    Redeclaring font encoding OMS on input line 744.
\macc@depth=\count326
\c@MaxMatrixCols=\count327
\dotsspace@=\muskip17
\c@parentequation=\count328
\dspbrk@lvl=\count329
\tag@help=\toks35
\row@=\count330
\column@=\count331
\maxfields@=\count332
\andhelp@=\toks36
\eqnshift@=\dimen284
\alignsep@=\dimen285
\tagshift@=\dimen286
\tagwidth@=\dimen287
\totwidth@=\dimen288
\lineht@=\dimen289
\@envbody=\toks37
\multlinegap=\skip59
\multlinetaggap=\skip60
\mathdisplay@stack=\toks38
LaTeX Info: Redefining \[ on input line 2938.
LaTeX Info: Redefining \] on input line 2939.
) (/usr/local/texlive/2022/texmf-dist/tex/latex/amscls/amsthm.sty
Package: amsthm 2020/05/29 v2.20.6
\thm@style=\toks39
\thm@bodyfont=\toks40
\thm@headfont=\toks41
\thm@notefont=\toks42
\thm@headpunct=\toks43
\thm@preskip=\skip61
\thm@postskip=\skip62
\thm@headsep=\skip63
\dth@everypar=\toks44
)
\c@theorem=\count333
) (/usr/local/texlive/2022/texmf-dist/tex/latex/beamer/beamerbasethemes.sty)) (/usr/local/texlive/2022/texmf-dist/tex/latex/beamer/beamerthemedefault.sty (/usr/local/texlive/2022/texmf-dist/tex/latex/beamer/beamerfontthemedefault.sty) (/usr/local/texlive/2022/texmf-dist/tex/latex/beamer/beamercolorthemedefault.sty) (/usr/local/texlive/2022/texmf-dist/tex/latex/beamer/beamerinnerthemedefault.sty
\beamer@dima=\dimen290
\beamer@dimb=\dimen291
) (/usr/local/texlive/2022/texmf-dist/tex/latex/beamer/beamerouterthemedefault.sty))) (./autres/beamer.tex (/usr/local/texlive/2022/texmf-dist/tex/latex/beamer/beamerthemeBoadilla.sty (/usr/local/texlive/2022/texmf-dist/tex/latex/beamer/beamercolorthemerose.sty) (/usr/local/texlive/2022/texmf-dist/tex/latex/beamer/beamerinnerthemerounded.sty) (/usr/local/texlive/2022/texmf-dist/tex/latex/beamer/beamercolorthemedolphin.sty) (/usr/local/texlive/2022/texmf-dist/tex/latex/beamer/beamerouterthemeinfolines.sty)) (/usr/local/texlive/2022/texmf-dist/tex/latex/beamer/beamercolorthemebeaver.sty) (/usr/local/texlive/2022/texmf-dist/tex/latex/beamer/beamerinnerthemerectangles.sty) (/usr/local/texlive/2022/texmf-dist/tex/latex/beamer/beamerfontthemeserif.sty) (/usr/local/texlive/2022/texmf-dist/tex/latex/booktabs/booktabs.sty
Package: booktabs 2020/01/12 v1.61803398 Publication quality tables
\heavyrulewidth=\dimen292
\lightrulewidth=\dimen293
\cmidrulewidth=\dimen294
\belowrulesep=\dimen295
\belowbottomsep=\dimen296
\aboverulesep=\dimen297
\abovetopsep=\dimen298
\cmidrulesep=\dimen299
\cmidrulekern=\dimen300
\defaultaddspace=\dimen301
\@cmidla=\count334
\@cmidlb=\count335
\@aboverulesep=\dimen302
\@belowrulesep=\dimen303
\@thisruleclass=\count336
\@lastruleclass=\count337
\@thisrulewidth=\dimen304
)) (./autres/packages.tex (/usr/local/texlive/2022/texmf-dist/tex/latex/natbib/natbib.sty
Package: natbib 2010/09/13 8.31b (PWD, AO)
\bibhang=\skip64
\bibsep=\skip65
LaTeX Info: Redefining \cite on input line 694.
\c@NAT@ctr=\count338
) (/usr/local/texlive/2022/texmf-dist/tex/latex/base/fontenc.sty
Package: fontenc 2021/04/29 v2.0v Standard LaTeX package
) (/usr/local/texlive/2022/texmf-dist/tex/latex/base/inputenc.sty
Package: inputenc 2021/02/14 v1.3d Input encoding file
\inpenc@prehook=\toks45
\inpenc@posthook=\toks46
) (/usr/local/texlive/2022/texmf-dist/tex/latex/numprint/numprint.sty
Package: numprint 2012/08/20 v1.39 Print numbers (HH)
 (/usr/local/texlive/2022/texmf-dist/tex/latex/tools/array.sty
Package: array 2021/10/04 v2.5f Tabular extension package (FMi)
\col@sep=\dimen305
\ar@mcellbox=\box75
\extrarowheight=\dimen306
\NC@list=\toks47
\extratabsurround=\skip66
\backup@length=\skip67
\ar@cellbox=\box76
)
\c@nprt@mantissa@digitsbefore=\count339
\c@nprt@mantissa@digitsafter=\count340
\c@nprt@exponent@digitsbefore=\count341
\c@nprt@exponent@digitsafter=\count342
\nprt@digitwidth=\skip68
\nprt@sepwidth=\skip69
\nprt@decimalwidth=\skip70
\nprt@blockwidth=\skip71
\nprt@digittoks=\toks48
\nprt@pretoks=\toks49
\nprt@posttoks=\toks50
\nprt@thisdigit=\count343
\nprt@curpos=\count344
\nprt@rndpos=\count345
\c@nprt@digitsfirstblock=\count346
\c@nprt@blockcnt=\count347
\c@nprt@cntprint=\count348
 No configuration file `numprint.cfg' found.) (/usr/local/texlive/2022/texmf-dist/tex/latex/jknapltx/mathrsfs.sty
Package: mathrsfs 1996/01/01 Math RSFS package v1.0 (jk)
\symrsfs=\mathgroup6
) (/usr/local/texlive/2022/texmf-dist/tex/latex/cancel/cancel.sty
Package: cancel 2013/04/12 v2.2 Cancel math terms
) (/usr/local/texlive/2022/texmf-dist/tex/latex/siunitx/siunitx.sty
Package: siunitx 2022-04-04 v3.0.50 A comprehensive (SI) units package
\l__siunitx_angle_tmp_dim=\dimen307
\l__siunitx_angle_marker_box=\box77
\l__siunitx_angle_unit_box=\box78
\l__siunitx_compound_count_int=\count349
 (/usr/local/texlive/2022/texmf-dist/tex/latex/translations/translations.sty
Package: translations 2022/02/05 v1.12 internationalization of LaTeX2e packages (CN)
)
\l__siunitx_number_exponent_fixed_int=\count350
\l__siunitx_number_min_decimal_int=\count351
\l__siunitx_number_min_integer_int=\count352
\l__siunitx_number_round_precision_int=\count353
\l__siunitx_number_group_minimum_int=\count354
\l__siunitx_table_tmp_box=\box79
\l__siunitx_table_tmp_dim=\dimen308
\l__siunitx_table_column_width_dim=\dimen309
\l__siunitx_table_integer_box=\box80
\l__siunitx_table_decimal_box=\box81
\l__siunitx_table_before_box=\box82
\l__siunitx_table_after_box=\box83
\l__siunitx_table_before_dim=\dimen310
\l__siunitx_table_carry_dim=\dimen311
\l__siunitx_unit_tmp_int=\count355
\l__siunitx_unit_position_int=\count356
\l__siunitx_unit_total_int=\count357
 (/usr/local/texlive/2022/texmf-dist/tex/latex/l3packages/l3keys2e/l3keys2e.sty (/usr/local/texlive/2022/texmf-dist/tex/latex/l3kernel/expl3.sty
Package: expl3 2022-02-24 L3 programming layer (loader) 
 (/usr/local/texlive/2022/texmf-dist/tex/latex/l3backend/l3backend-pdftex.def
File: l3backend-pdftex.def 2022-02-07 L3 backend support: PDF output (pdfTeX)
\l__color_backend_stack_int=\count358
\l__pdf_internal_box=\box84
))
Package: l3keys2e 2022-01-12 LaTeX2e option processing using LaTeX3 keys
))

Package siunitx Info: Option "detect-all" has been deprecated in this release.
(siunitx)             
(siunitx)             Use "mode = match, propagate-math-font = true,
(siunitx)             reset-math-version = false, reset-text-family = false,
(siunitx)             reset-text-series = false, reset-text-shape = false,
(siunitx)             text-family-to-math = true, text-series-to-math = true"
(siunitx)             as a replacement.


Package siunitx Info: Option "number-unit-separator" has been deprecated in
(siunitx)             this release.
(siunitx)             
(siunitx)             Use "quantity-product" as a replacement.

 (/usr/local/texlive/2022/texmf-dist/tex/latex/tools/tabularx.sty
Package: tabularx 2020/01/15 v2.11c `tabularx' package (DPC)
\TX@col@width=\dimen312
\TX@old@table=\dimen313
\TX@old@col=\dimen314
\TX@target=\dimen315
\TX@delta=\dimen316
\TX@cols=\count359
\TX@ftn=\toks51
) (/usr/local/texlive/2022/texmf-dist/tex/latex/listings/listings.sty
\lst@mode=\count360
\lst@gtempboxa=\box85
\lst@token=\toks52
\lst@length=\count361
\lst@currlwidth=\dimen317
\lst@column=\count362
\lst@pos=\count363
\lst@lostspace=\dimen318
\lst@width=\dimen319
\lst@newlines=\count364
\lst@lineno=\count365
\lst@maxwidth=\dimen320
 (/usr/local/texlive/2022/texmf-dist/tex/latex/listings/lstmisc.sty
File: lstmisc.sty 2020/03/24 1.8d (Carsten Heinz)
\c@lstnumber=\count366
\lst@skipnumbers=\count367
\lst@framebox=\box86
) (/usr/local/texlive/2022/texmf-dist/tex/latex/listings/listings.cfg
File: listings.cfg 2020/03/24 1.8d listings configuration
))
Package: listings 2020/03/24 1.8d (Carsten Heinz)
 (/usr/local/texlive/2022/texmf-dist/tex/latex/minted/minted.sty
Package: minted 2021/12/24 v2.6 Yet another Pygments shim for LaTeX
 (/usr/local/texlive/2022/texmf-dist/tex/latex/fvextra/fvextra.sty
Package: fvextra 2019/02/04 v1.4 fvextra - extensions and patches for fancyvrb
 (/usr/local/texlive/2022/texmf-dist/tex/latex/base/ifthen.sty
Package: ifthen 2020/11/24 v1.1c Standard LaTeX ifthen package (DPC)
) (/usr/local/texlive/2022/texmf-dist/tex/latex/fancyvrb/fancyvrb.sty
Package: fancyvrb 2021/12/21 4.1b verbatim text (tvz,hv)
\FV@CodeLineNo=\count368
\FV@InFile=\read3
\FV@TabBox=\box87
\c@FancyVerbLine=\count369
\FV@StepNumber=\count370
\FV@OutFile=\write5
) (/usr/local/texlive/2022/texmf-dist/tex/latex/upquote/upquote.sty
Package: upquote 2012/04/19 v1.3 upright-quote and grave-accent glyphs in verbatim
 (/usr/local/texlive/2022/texmf-dist/tex/latex/base/textcomp.sty
Package: textcomp 2020/02/02 v2.0n Standard LaTeX package
)) (/usr/local/texlive/2022/texmf-dist/tex/latex/lineno/lineno.sty
Package: lineno 2005/11/02 line numbers on paragraphs v4.41
\linenopenalty=\count371
\output=\toks53
\linenoprevgraf=\count372
\linenumbersep=\dimen321
\linenumberwidth=\dimen322
\c@linenumber=\count373
\c@pagewiselinenumber=\count374
\c@LN@truepage=\count375
\c@internallinenumber=\count376
\c@internallinenumbers=\count377
\quotelinenumbersep=\dimen323
\bframerule=\dimen324
\bframesep=\dimen325
\bframebox=\box88
LaTeX Info: Redefining \\ on input line 3056.
)
\c@FV@TrueTabGroupLevel=\count378
\c@FV@TrueTabCounter=\count379
\FV@TabBox@Group=\box89
\FV@TmpLength=\skip72
\c@FV@HighlightLinesStart=\count380
\c@FV@HighlightLinesStop=\count381
\FV@LoopCount=\count382
\FV@NCharsBox=\box90
\FV@BreakIndent=\dimen326
\FV@BreakIndentNChars=\count383
\FV@BreakSymbolSepLeft=\dimen327
\FV@BreakSymbolSepLeftNChars=\count384
\FV@BreakSymbolSepRight=\dimen328
\FV@BreakSymbolSepRightNChars=\count385
\FV@BreakSymbolIndentLeft=\dimen329
\FV@BreakSymbolIndentLeftNChars=\count386
\FV@BreakSymbolIndentRight=\dimen330
\FV@BreakSymbolIndentRightNChars=\count387
\c@FancyVerbLineBreakLast=\count388
\FV@LineBox=\box91
\FV@LineIndentBox=\box92
\FV@LineWidth=\dimen331
) (/usr/local/texlive/2022/texmf-dist/tex/latex/tools/calc.sty
Package: calc 2017/05/25 v4.3 Infix arithmetic (KKT,FJ)
\calc@Acount=\count389
\calc@Bcount=\count390
\calc@Adimen=\dimen332
\calc@Bdimen=\dimen333
\calc@Askip=\skip73
\calc@Bskip=\skip74
LaTeX Info: Redefining \setlength on input line 80.
LaTeX Info: Redefining \addtolength on input line 81.
\calc@Ccount=\count391
\calc@Cskip=\skip75
) (/usr/local/texlive/2022/texmf-dist/tex/latex/tools/shellesc.sty
Package: shellesc 2019/11/08 v1.0c unified shell escape interface for LaTeX
Package shellesc Info: Unrestricted shell escape enabled on input line 75.
) (/usr/local/texlive/2022/texmf-dist/tex/latex/ifplatform/ifplatform.sty
Package: ifplatform 2017/10/13 v0.4a Testing for the operating system
 (/usr/local/texlive/2022/texmf-dist/tex/generic/catchfile/catchfile.sty
Package: catchfile 2019/12/09 v1.8 Catch the contents of a file (HO)
) (/usr/local/texlive/2022/texmf-dist/tex/generic/iftex/ifluatex.sty
Package: ifluatex 2019/10/25 v1.5 ifluatex legacy package. Use iftex instead.
)
runsystem(uname -s > "main.w18")...executed.

 (./main.w18)
runsystem(rm -- "main.w18")...executed.

) (/usr/local/texlive/2022/texmf-dist/tex/generic/xstring/xstring.sty (/usr/local/texlive/2022/texmf-dist/tex/generic/xstring/xstring.tex
\integerpart=\count392
\decimalpart=\count393
)
Package: xstring 2021/07/21 v1.84 String manipulations (CT)
) (/usr/local/texlive/2022/texmf-dist/tex/latex/framed/framed.sty
Package: framed 2011/10/22 v 0.96: framed or shaded text with page breaks
\OuterFrameSep=\skip76
\fb@frw=\dimen334
\fb@frh=\dimen335
\FrameRule=\dimen336
\FrameSep=\dimen337
) (/usr/local/texlive/2022/texmf-dist/tex/latex/float/float.sty
Package: float 2001/11/08 v1.3d Float enhancements (AL)
\c@float@type=\count394
\float@exts=\toks54
\float@box=\box93
\@float@everytoks=\toks55
\@floatcapt=\box94
)
\minted@appexistsfile=\read4
\minted@bgbox=\box95
\minted@code=\write6
\c@minted@FancyVerbLineTemp=\count395
\c@minted@pygmentizecounter=\count396
\@float@every@listing=\toks56
\c@listing=\count397
)
runsystem(mkdir -p _minted-main)...executed.

 (/usr/local/texlive/2022/texmf-dist/tex/latex/commutative-diagrams/commutative-diagrams.sty (/usr/local/texlive/2022/texmf-dist/tex/latex/pgf/frontendlayer/tikz.sty (/usr/local/texlive/2022/texmf-dist/tex/latex/pgf/basiclayer/pgf.sty
Package: pgf 2021/05/15 v3.1.9a (3.1.9a)
 (/usr/local/texlive/2022/texmf-dist/tex/generic/pgf/modules/pgfmoduleshapes.code.tex
File: pgfmoduleshapes.code.tex 2021/05/15 v3.1.9a (3.1.9a)
\pgfnodeparttextbox=\box96
) (/usr/local/texlive/2022/texmf-dist/tex/generic/pgf/modules/pgfmoduleplot.code.tex
File: pgfmoduleplot.code.tex 2021/05/15 v3.1.9a (3.1.9a)
) (/usr/local/texlive/2022/texmf-dist/tex/latex/pgf/compatibility/pgfcomp-version-0-65.sty
Package: pgfcomp-version-0-65 2021/05/15 v3.1.9a (3.1.9a)
\pgf@nodesepstart=\dimen338
\pgf@nodesepend=\dimen339
) (/usr/local/texlive/2022/texmf-dist/tex/latex/pgf/compatibility/pgfcomp-version-1-18.sty
Package: pgfcomp-version-1-18 2021/05/15 v3.1.9a (3.1.9a)
)) (/usr/local/texlive/2022/texmf-dist/tex/latex/pgf/utilities/pgffor.sty (/usr/local/texlive/2022/texmf-dist/tex/generic/pgf/utilities/pgffor.code.tex
Package: pgffor 2021/05/15 v3.1.9a (3.1.9a)
 (/usr/local/texlive/2022/texmf-dist/tex/generic/pgf/math/pgfmath.code.tex)
\pgffor@iter=\dimen340
\pgffor@skip=\dimen341
\pgffor@stack=\toks57
\pgffor@toks=\toks58
)) (/usr/local/texlive/2022/texmf-dist/tex/generic/pgf/frontendlayer/tikz/tikz.code.tex
Package: tikz 2021/05/15 v3.1.9a (3.1.9a)
 (/usr/local/texlive/2022/texmf-dist/tex/generic/pgf/libraries/pgflibraryplothandlers.code.tex
File: pgflibraryplothandlers.code.tex 2021/05/15 v3.1.9a (3.1.9a)
\pgf@plot@mark@count=\count398
\pgfplotmarksize=\dimen342
)
\tikz@lastx=\dimen343
\tikz@lasty=\dimen344
\tikz@lastxsaved=\dimen345
\tikz@lastysaved=\dimen346
\tikz@lastmovetox=\dimen347
\tikz@lastmovetoy=\dimen348
\tikzleveldistance=\dimen349
\tikzsiblingdistance=\dimen350
\tikz@figbox=\box97
\tikz@figbox@bg=\box98
\tikz@tempbox=\box99
\tikz@tempbox@bg=\box100
\tikztreelevel=\count399
\tikznumberofchildren=\count400
\tikznumberofcurrentchild=\count401
\tikz@fig@count=\count402
 (/usr/local/texlive/2022/texmf-dist/tex/generic/pgf/modules/pgfmodulematrix.code.tex
File: pgfmodulematrix.code.tex 2021/05/15 v3.1.9a (3.1.9a)
\pgfmatrixcurrentrow=\count403
\pgfmatrixcurrentcolumn=\count404
\pgf@matrix@numberofcolumns=\count405
)
\tikz@expandcount=\count406
 (/usr/local/texlive/2022/texmf-dist/tex/generic/pgf/frontendlayer/tikz/libraries/tikzlibrarytopaths.code.tex
File: tikzlibrarytopaths.code.tex 2021/05/15 v3.1.9a (3.1.9a)
)))
Package: commutative-diagrams 2020/06/11 1.0.1 CoDi: Commutative Diagrams for TeX
 (/usr/local/texlive/2022/texmf-dist/tex/generic/commutative-diagrams/tikzlibrarycommutative-diagrams.code.tex (/usr/local/texlive/2022/texmf-dist/tex/generic/commutative-diagrams/tikzlibrarycommutative-diagrams.diorthono.code.tex) (/usr/local/texlive/2022/texmf-dist/tex/generic/commutative-diagrams/tikzlibrarycommutative-diagrams.ramma.code.tex (/usr/local/texlive/2022/texmf-dist/tex/generic/commutative-diagrams/tikzlibrarycommutative-diagrams.bapto.code.tex) (/usr/local/texlive/2022/texmf-dist/tex/generic/commutative-diagrams/tikzlibrarycommutative-diagrams.ektropi.code.tex (/usr/local/texlive/2022/texmf-dist/tex/generic/commutative-diagrams/tikzlibrarycommutative-diagrams.koinos.code.tex
\kDEscapecharCounter=\count407
\kDOptTok=\toks59
\kDGrpTok=\toks60
\kDTmpTok=\toks61
\kDDumpFile=\write7
)
\kDEktropiDefaultToksBackup=\toks62
) (/usr/local/texlive/2022/texmf-dist/tex/generic/commutative-diagrams/tikzlibrarycommutative-diagrams.katharizo.code.tex
\kDKatharizoStringified=\toks63
\kDKatharizoSanitized=\toks64
) (/usr/local/texlive/2022/texmf-dist/tex/generic/commutative-diagrams/tikzlibrarycommutative-diagrams.ozos.code.tex) (/usr/local/texlive/2022/texmf-dist/tex/generic/commutative-diagrams/tikzlibrarycommutative-diagrams.mitra.code.tex (/usr/local/texlive/2022/texmf-dist/tex/generic/pgf/frontendlayer/tikz/libraries/tikzlibrarymatrix.code.tex
File: tikzlibrarymatrix.code.tex 2021/05/15 v3.1.9a (3.1.9a)
)
\kDMitraTmpTok=\toks65
\kDMitraMatOutTok=\toks66
\kDMitraRowOptTok=\toks67
\kDMitraColOptTok=\toks68
\kDMitraCelOptTok=\toks69
\kDMitraCelCntTok=\toks70
) (/usr/local/texlive/2022/texmf-dist/tex/generic/commutative-diagrams/tikzlibrarycommutative-diagrams.velos.code.tex
\kDVelosTemp=\toks71
\kDVelosGlobalLabelOptions=\toks72
\kDVelosGlobalEdgeOptions=\toks73
\kDVelosSource=\toks74
\kDVelosCurFstSrc=\toks75
\kDVelosPrvFstSrc=\toks76
\kDVelosEdge=\toks77
\kDVelosTarget=\toks78
\kDVelosCurLstTar=\toks79
\kDVelosPrvLstTar=\toks80
\kDVelosDerefSrc=\toks81
\kDVelosDerefTar=\toks82
)
\kDRammaOptTok=\toks83
\kDRammaTmpTok=\toks84
) (/usr/local/texlive/2022/texmf-dist/tex/generic/commutative-diagrams/tikzlibrarycommutative-diagrams.mandyas.code.tex (/usr/local/texlive/2022/texmf-dist/tex/generic/pgf/frontendlayer/tikz/libraries/tikzlibrarycalc.code.tex
File: tikzlibrarycalc.code.tex 2021/05/15 v3.1.9a (3.1.9a)
) (/usr/local/texlive/2022/texmf-dist/tex/generic/pgf/frontendlayer/tikz/libraries/tikzlibrarypositioning.code.tex
File: tikzlibrarypositioning.code.tex 2021/05/15 v3.1.9a (3.1.9a)
))))) (/usr/local/texlive/2022/texmf-dist/tex/latex/circuitikz/circuitikz.sty
Package: circuitikz 2022/02/04{} The CircuiTikz circuit drawing package version 1.4.6
 (/usr/local/texlive/2022/texmf-dist/tex/generic/pgf/libraries/pgflibraryarrows.meta.code.tex
File: pgflibraryarrows.meta.code.tex 2021/05/15 v3.1.9a (3.1.9a)
\pgfarrowinset=\dimen351
\pgfarrowlength=\dimen352
\pgfarrowwidth=\dimen353
\pgfarrowlinewidth=\dimen354
) (/usr/local/texlive/2022/texmf-dist/tex/generic/pgf/frontendlayer/tikz/libraries/tikzlibrarybending.code.tex
File: tikzlibrarybending.code.tex 2021/05/15 v3.1.9a (3.1.9a)
 (/usr/local/texlive/2022/texmf-dist/tex/generic/pgf/modules/pgfmodulebending.code.tex
File: pgfmodulebending.code.tex 2021/05/15 v3.1.9a (3.1.9a)
 (/usr/local/texlive/2022/texmf-dist/tex/generic/pgf/modules/pgfmodulenonlineartransformations.code.tex
File: pgfmodulenonlineartransformations.code.tex 2021/05/15 v3.1.9a (3.1.9a)
\pgftransformnonlinearflatness=\dimen355
) (/usr/local/texlive/2022/texmf-dist/tex/generic/pgf/libraries/pgflibrarycurvilinear.code.tex
File: pgflibrarycurvilinear.code.tex 2021/05/15 v3.1.9a (3.1.9a)
\pgf@curvilinear@time@a=\dimen356
\pgf@curvilinear@length@a=\dimen357
\pgf@curvilinear@length@b=\dimen358
\pgf@curvilinear@length@c=\dimen359
\pgf@curvilinear@length@d=\dimen360
)
\pgf@arrows@the@rigidity=\dimen361
)) (/usr/local/texlive/2022/texmf-dist/tex/generic/pgf/frontendlayer/tikz/libraries/tikzlibraryfpu.code.tex (/usr/local/texlive/2022/texmf-dist/tex/generic/pgf/libraries/pgflibraryfpu.code.tex)) (/usr/local/texlive/2022/texmf-dist/tex/generic/circuitikz/pgfcirc.defines.tex
\pgf@circ@count@a=\count408
\pgf@circ@count@b=\count409
\pgf@circ@count@c=\count410
\pgf@circ@res@up=\dimen362
\pgf@circ@res@down=\dimen363
\pgf@circ@res@zero=\dimen364
\pgf@circ@res@left=\dimen365
\pgf@circ@res@right=\dimen366
\pgf@circ@res@other=\dimen367
\pgf@circ@res@step=\dimen368
\pgf@circ@res@temp=\dimen369
\pgf@circ@Rlen=\dimen370
\pgf@circ@scaled@Rlen=\dimen371
\pgfstartlinewidth=\dimen372
) (/usr/local/texlive/2022/texmf-dist/tex/generic/circuitikz/pgfcircutils.tex
\ctikz@scratchbox=\box101
) (/usr/local/texlive/2022/texmf-dist/tex/generic/circuitikz/pgfcircpath.tex) (/usr/local/texlive/2022/texmf-dist/tex/generic/circuitikz/pgfcircshapes.tex) (/usr/local/texlive/2022/texmf-dist/tex/generic/circuitikz/pgfcircmonopoles.tex) (/usr/local/texlive/2022/texmf-dist/tex/generic/circuitikz/pgfcircbipoles.tex) (/usr/local/texlive/2022/texmf-dist/tex/generic/circuitikz/pgfcirctripoles.tex
\pgf@circ@res@count=\count411
) (/usr/local/texlive/2022/texmf-dist/tex/generic/circuitikz/pgfcircquadpoles.tex) (/usr/local/texlive/2022/texmf-dist/tex/generic/circuitikz/pgfcircmultipoles.tex) (/usr/local/texlive/2022/texmf-dist/tex/generic/circuitikz/pgfcirclabel.tex) (/usr/local/texlive/2022/texmf-dist/tex/generic/circuitikz/pgfcircvoltage.tex
\pgfcirc@labelshift=\dimen373
) (/usr/local/texlive/2022/texmf-dist/tex/generic/circuitikz/pgfcirccurrent.tex) (/usr/local/texlive/2022/texmf-dist/tex/generic/circuitikz/pgfcircflow.tex)) (./autres/macros.tex)
Package translations Info: No language package found. I am going to use `english' as default language. on input line 22.
runsystem(which pygmentize && touch main.aex)...executed.

runsystem(rm main.aex)...executed.

 (./main.aux)
\openout1 = `main.aux'.

LaTeX Font Info:    Checking defaults for OML/cmm/m/it on input line 22.
LaTeX Font Info:    ... okay on input line 22.
LaTeX Font Info:    Checking defaults for OMS/cmsy/m/n on input line 22.
LaTeX Font Info:    ... okay on input line 22.
LaTeX Font Info:    Checking defaults for OT1/cmr/m/n on input line 22.
LaTeX Font Info:    ... okay on input line 22.
LaTeX Font Info:    Checking defaults for T1/cmr/m/n on input line 22.
LaTeX Font Info:    ... okay on input line 22.
LaTeX Font Info:    Checking defaults for TS1/cmr/m/n on input line 22.
LaTeX Font Info:    ... okay on input line 22.
LaTeX Font Info:    Checking defaults for OMX/cmex/m/n on input line 22.
LaTeX Font Info:    ... okay on input line 22.
LaTeX Font Info:    Checking defaults for U/cmr/m/n on input line 22.
LaTeX Font Info:    ... okay on input line 22.
LaTeX Font Info:    Checking defaults for PD1/pdf/m/n on input line 22.
LaTeX Font Info:    ... okay on input line 22.
LaTeX Font Info:    Checking defaults for PU/pdf/m/n on input line 22.
LaTeX Font Info:    ... okay on input line 22.

*geometry* driver: auto-detecting
*geometry* detected driver: pdftex
*geometry* verbose mode - [ preamble ] result:
* driver: pdftex
* paper: custom
* layout: <same size as paper>
* layoutoffset:(h,v)=(0.0pt,0.0pt)
* modes: includehead includefoot 
* h-part:(L,W,R)=(10.95003pt, 342.2953pt, 10.95003pt)
* v-part:(T,H,B)=(0.0pt, 273.14662pt, 0.0pt)
* \paperwidth=364.19536pt
* \paperheight=273.14662pt
* \textwidth=342.2953pt
* \textheight=244.6939pt
* \oddsidemargin=-61.31996pt
* \evensidemargin=-61.31996pt
* \topmargin=-72.26999pt
* \headheight=14.22636pt
* \headsep=0.0pt
* \topskip=11.0pt
* \footskip=14.22636pt
* \marginparwidth=4.0pt
* \marginparsep=10.0pt
* \columnsep=10.0pt
* \skip\footins=10.0pt plus 4.0pt minus 2.0pt
* \hoffset=0.0pt
* \voffset=0.0pt
* \mag=1000
* \@twocolumnfalse
* \@twosidefalse
* \@mparswitchfalse
* \@reversemarginfalse
* (1in=72.27pt=25.4mm, 1cm=28.453pt)

(/usr/local/texlive/2022/texmf-dist/tex/context/base/mkii/supp-pdf.mkii
[Loading MPS to PDF converter (version 2006.09.02).]
\scratchcounter=\count412
\scratchdimen=\dimen374
\scratchbox=\box102
\nofMPsegments=\count413
\nofMParguments=\count414
\everyMPshowfont=\toks85
\MPscratchCnt=\count415
\MPscratchDim=\dimen375
\MPnumerator=\count416
\makeMPintoPDFobject=\count417
\everyMPtoPDFconversion=\toks86
) (/usr/local/texlive/2022/texmf-dist/tex/latex/epstopdf-pkg/epstopdf-base.sty
Package: epstopdf-base 2020-01-24 v2.11 Base part for package epstopdf
Package epstopdf-base Info: Redefining graphics rule for `.eps' on input line 485.
 (/usr/local/texlive/2022/texmf-dist/tex/latex/latexconfig/epstopdf-sys.cfg
File: epstopdf-sys.cfg 2010/07/13 v1.3 Configuration of (r)epstopdf for TeX Live
))
Package hyperref Info: Link coloring OFF on input line 22.
 (/usr/local/texlive/2022/texmf-dist/tex/latex/hyperref/nameref.sty
Package: nameref 2021-04-02 v2.47 Cross-referencing by name of section
 (/usr/local/texlive/2022/texmf-dist/tex/latex/refcount/refcount.sty
Package: refcount 2019/12/15 v3.6 Data extraction from label references (HO)
) (/usr/local/texlive/2022/texmf-dist/tex/generic/gettitlestring/gettitlestring.sty
Package: gettitlestring 2019/12/15 v1.6 Cleanup title references (HO)
)
\c@section@level=\count418
)
LaTeX Info: Redefining \ref on input line 22.
LaTeX Info: Redefining \pageref on input line 22.
LaTeX Info: Redefining \nameref on input line 22.
 (./main.out) (./main.out)
\@outlinefile=\write8
\openout8 = `main.out'.

 (/usr/local/texlive/2022/texmf-dist/tex/latex/translator/translator-basic-dictionary-English.dict
Dictionary: translator-basic-dictionary, Language: English 
) (/usr/local/texlive/2022/texmf-dist/tex/latex/translator/translator-bibliography-dictionary-English.dict
Dictionary: translator-bibliography-dictionary, Language: English 
) (/usr/local/texlive/2022/texmf-dist/tex/latex/translator/translator-environment-dictionary-English.dict
Dictionary: translator-environment-dictionary, Language: English 
) (/usr/local/texlive/2022/texmf-dist/tex/latex/translator/translator-months-dictionary-English.dict
Dictionary: translator-months-dictionary, Language: English 
) (/usr/local/texlive/2022/texmf-dist/tex/latex/translator/translator-numbers-dictionary-English.dict
Dictionary: translator-numbers-dictionary, Language: English 
) (/usr/local/texlive/2022/texmf-dist/tex/latex/translator/translator-theorem-dictionary-English.dict
Dictionary: translator-theorem-dictionary, Language: English 
) (/usr/local/texlive/2022/texmf-dist/tex/latex/translations/translations-basic-dictionary-english.trsl
File: translations-basic-dictionary-english.trsl (english translation file `translations-basic-dictionary')
)
Package translations Info: loading dictionary `translations-basic-dictionary' for `english'. on input line 22.
\c@lstlisting=\count419
 (./main.nav) (./diapos/00_intro.tex [1

{/usr/local/texlive/2022/texmf-var/fonts/map/pdftex/updmap/pdftex.map}] (./main.toc) [2

] [3

] [4

] [5

] [6

] [7

]) (./diapos/01_comment_compresser.tex
LaTeX Font Info:    Trying to load font information for U+msa on input line 14.
 (/usr/local/texlive/2022/texmf-dist/tex/latex/amsfonts/umsa.fd
File: umsa.fd 2013/01/14 v3.01 AMS symbols A
)
LaTeX Font Info:    Trying to load font information for U+msb on input line 14.
 (/usr/local/texlive/2022/texmf-dist/tex/latex/amsfonts/umsb.fd
File: umsb.fd 2013/01/14 v3.01 AMS symbols B
)
LaTeX Font Info:    Trying to load font information for U+rsfs on input line 14.
 (/usr/local/texlive/2022/texmf-dist/tex/latex/jknapltx/ursfs.fd
File: ursfs.fd 1998/03/24 rsfs font definition file (jk)
) [8

] [9

] [10

]) (./diapos/02_tf.tex [11

] [12

] [13

] [14

]
<images/TF/exemples_diapo_2/blason-cachan.png, id=179, 112.42pt x 138.5175pt>
File: images/TF/exemples_diapo_2/blason-cachan.png Graphic file (type png)
<use images/TF/exemples_diapo_2/blason-cachan.png>
Package pdftex.def Info: images/TF/exemples_diapo_2/blason-cachan.png  used on input line 36.
(pdftex.def)             Requested size: 134.90332pt x 166.22015pt.
<images/TF/exemples_diapo_2/blason-cachan_tf_couleur.png, id=180, 112.42pt x 144.54pt>
File: images/TF/exemples_diapo_2/blason-cachan_tf_couleur.png Graphic file (type png)
<use images/TF/exemples_diapo_2/blason-cachan_tf_couleur.png>
Package pdftex.def Info: images/TF/exemples_diapo_2/blason-cachan_tf_couleur.png  used on input line 36.
(pdftex.def)             Requested size: 134.90332pt x 173.4471pt.
 [15

 <./images/TF/exemples_diapo_2/blason-cachan.png> <./images/TF/exemples_diapo_2/blason-cachan_tf_couleur.png>] [16

] [17

] [18

] [19

] [20

] [21

] [22

] [23

] [24

] [25

] [26

] [27

] [28

] [29

] [30

] [31

] [32

] [33

] [34

]
<images/TF/comparaison_tf_tcd/diapo_tf_img.png, id=548, 8.03pt x 8.03pt>
File: images/TF/comparaison_tf_tcd/diapo_tf_img.png Graphic file (type png)
<use images/TF/comparaison_tf_tcd/diapo_tf_img.png>
Package pdftex.def Info: images/TF/comparaison_tf_tcd/diapo_tf_img.png  used on input line 151.
(pdftex.def)             Requested size: 104.38959pt x 104.38959pt.
<images/TF/comparaison_tf_tcd/diapo.png, id=549, 8.03pt x 8.03pt>
File: images/TF/comparaison_tf_tcd/diapo.png Graphic file (type png)
<use images/TF/comparaison_tf_tcd/diapo.png>
Package pdftex.def Info: images/TF/comparaison_tf_tcd/diapo.png  used on input line 151.
(pdftex.def)             Requested size: 104.38959pt x 104.38959pt.
<images/TF/comparaison_tf_tcd/diapo_tcd_img.png, id=550, 8.03pt x 8.03pt>
File: images/TF/comparaison_tf_tcd/diapo_tcd_img.png Graphic file (type png)
<use images/TF/comparaison_tf_tcd/diapo_tcd_img.png>
Package pdftex.def Info: images/TF/comparaison_tf_tcd/diapo_tcd_img.png  used on input line 151.
(pdftex.def)             Requested size: 104.38959pt x 104.38959pt.

Overfull \hbox (6.8735pt too wide) in paragraph at lines 151--151
 [] 
 []

[35

 <./images/TF/comparaison_tf_tcd/diapo_tf_img.png> <./images/TF/comparaison_tf_tcd/diapo.png (PNG copy)> <./images/TF/comparaison_tf_tcd/diapo_tcd_img.png>]) (./diapos/03_compression.tex [36

] [37

] [38

] [39

] [40

] [41

] [42

] [43

] [44

] [45

] [46

] [47

] [48

]) (./diapos/04_evaluation.tex [49

]
<images/resultats_compression/mairie_petit.jpeg, id=829, 1003.75pt x 565.11125pt>
File: images/resultats_compression/mairie_petit.jpeg Graphic file (type jpg)
<use images/resultats_compression/mairie_petit.jpeg>
Package pdftex.def Info: images/resultats_compression/mairie_petit.jpeg  used on input line 23.
(pdftex.def)             Requested size: 321.20656pt x 180.8393pt.

Overfull \vbox (1.98427pt too high) detected at line 23
 []

[50

 <./images/resultats_compression/mairie_petit.jpeg>]
<images/resultats_compression/mairie_petit_tcd_seuil_finale.png, id=836, 1003.75pt x 565.11125pt>
File: images/resultats_compression/mairie_petit_tcd_seuil_finale.png Graphic file (type png)
<use images/resultats_compression/mairie_petit_tcd_seuil_finale.png>
Package pdftex.def Info: images/resultats_compression/mairie_petit_tcd_seuil_finale.png  used on input line 30.
(pdftex.def)             Requested size: 321.20656pt x 180.8393pt.

Overfull \vbox (1.98427pt too high) detected at line 30
 []

[51

 <./images/resultats_compression/mairie_petit_tcd_seuil_finale.png>]
<images/resultats_compression/mairie_petit_tcd_zone_finale.png, id=843, 1003.75pt x 565.11125pt>
File: images/resultats_compression/mairie_petit_tcd_zone_finale.png Graphic file (type png)
<use images/resultats_compression/mairie_petit_tcd_zone_finale.png>
Package pdftex.def Info: images/resultats_compression/mairie_petit_tcd_zone_finale.png  used on input line 38.
(pdftex.def)             Requested size: 321.20656pt x 180.8393pt.

Overfull \vbox (1.98427pt too high) detected at line 38
 []

[52

 <./images/resultats_compression/mairie_petit_tcd_zone_finale.png>]
<images/resultats_compression/mairie_petit_tcd_matrice_finale.png, id=850, 1003.75pt x 565.11125pt>
File: images/resultats_compression/mairie_petit_tcd_matrice_finale.png Graphic file (type png)
<use images/resultats_compression/mairie_petit_tcd_matrice_finale.png>
Package pdftex.def Info: images/resultats_compression/mairie_petit_tcd_matrice_finale.png  used on input line 45.
(pdftex.def)             Requested size: 321.20656pt x 180.8393pt.

Overfull \vbox (1.98427pt too high) detected at line 45
 []

[53

 <./images/resultats_compression/mairie_petit_tcd_matrice_finale.png>]
<images/resultats_compression/mairie_petit_tf_matrice_finale.png, id=857, 1003.75pt x 565.11125pt>
File: images/resultats_compression/mairie_petit_tf_matrice_finale.png Graphic file (type png)
<use images/resultats_compression/mairie_petit_tf_matrice_finale.png>
Package pdftex.def Info: images/resultats_compression/mairie_petit_tf_matrice_finale.png  used on input line 52.
(pdftex.def)             Requested size: 321.20656pt x 180.8393pt.

Overfull \vbox (1.98427pt too high) detected at line 52
 []

[54

 <./images/resultats_compression/mairie_petit_tf_matrice_finale.png>] [55

]) (./diapos/05_conclusion.tex) (./diapos/06_annexe.tex [56

]
Overfull \hbox (46.54341pt too wide) detected at line 29
[]\OML/cmm/m/it/9 AB \OT1/cmr/m/n/9 = \OML/cmm/m/it/9 I[][]A[]A[] \OT1/cmr/m/n/9 = [][]
 []

[57

] [58

] [59

] [60

] [61

] [62

] [63

] [64

] [65

]) (./diapos/07_code.tex
\openout4 = `main.vrb'.

 (./main.vrb
\openout5 = `main.pyg'.

 (./_minted-main/default.pygstyle) (./_minted-main/97F072B07A81C8ED71C85D3798721E3662FD7D625D48406DBBB4A37322801FAF.pygtex
LaTeX Font Info:    Trying to load font information for T1+cmtt on input line 1.
 (/usr/local/texlive/2022/texmf-dist/tex/latex/base/t1cmtt.fd
File: t1cmtt.fd 2019/12/16 v2.5j Standard LaTeX font definitions
)

LaTeX Font Warning: Font shape `T1/cmtt/m/n' in size <4> not available
(Font)              size <5> substituted on input line 1.


LaTeX Font Warning: Font shape `T1/cmtt/m/it' in size <4> not available
(Font)              size <5> substituted on input line 2.

LaTeX Font Info:    Font shape `T1/cmtt/bx/n' in size <4> not available
(Font)              Font shape `T1/cmtt/m/n' tried instead on input line 11.

LaTeX Font Warning: Font shape `T1/cmtt/m/n' in size <4> not available
(Font)              size <5> substituted on input line 11.

LaTeX Font Info:    Trying to load font information for TS1+cmtt on input line 22.
(/usr/local/texlive/2022/texmf-dist/tex/latex/base/ts1cmtt.fd
File: ts1cmtt.fd 2019/12/16 v2.5j Standard LaTeX font definitions
)

LaTeX Font Warning: Font shape `TS1/cmtt/m/it' in size <4> not available
(Font)              size <5> substituted on input line 22.

))
Overfull \vbox (4.15642pt too high) detected at line 57
 []

[66

]
\openout4 = `main.vrb'.

 (./main.vrb
\openout5 = `main.pyg'.

 (./_minted-main/67483935CAF4C3A17961D269939AA8A362FD7D625D48406DBBB4A37322801FAF.pygtex)) [67

]
\openout4 = `main.vrb'.

 (./main.vrb
\openout5 = `main.pyg'.

 (./_minted-main/97320C1AD1D9B71615C15BA8AC859D1A62FD7D625D48406DBBB4A37322801FAF.pygtex)) [68

]
\openout4 = `main.vrb'.

 (./main.vrb
\openout5 = `main.pyg'.

 (./_minted-main/7F22C2065EA2804F7414AA6630466F5362FD7D625D48406DBBB4A37322801FAF.pygtex)) [69

]
\openout4 = `main.vrb'.

 (./main.vrb
\openout5 = `main.pyg'.

 (./_minted-main/847C553C8C32C909D62F17EE4640143162FD7D625D48406DBBB4A37322801FAF.pygtex)) [70

]
\openout4 = `main.vrb'.

 (./main.vrb
\openout5 = `main.pyg'.

 (./_minted-main/CC087197230BD1A28ED4206A4BDCA3AE62FD7D625D48406DBBB4A37322801FAF.pygtex)) [71

]
\openout4 = `main.vrb'.

 (./main.vrb
\openout5 = `main.pyg'.

 (./_minted-main/6938B35F2207F085E3E069CB7A81F18162FD7D625D48406DBBB4A37322801FAF.pygtex)) [72

]
\openout4 = `main.vrb'.

 (./main.vrb
\openout5 = `main.pyg'.

 (./_minted-main/88FC2A3EE5A0FDF2670A74F0BCD7B7AA62FD7D625D48406DBBB4A37322801FAF.pygtex)) [73

]
\openout4 = `main.vrb'.

 (./main.vrb
\openout5 = `main.pyg'.

 (./_minted-main/E00CEAE61BF0E6EAEF79BB367BD8594262FD7D625D48406DBBB4A37322801FAF.pygtex)) [74

]
\openout4 = `main.vrb'.

 (./main.vrb
\openout5 = `main.pyg'.

 (./_minted-main/56EFBEAF3A0C38EB57ED69660B84E88162FD7D625D48406DBBB4A37322801FAF.pygtex)) [75

]
\openout4 = `main.vrb'.

 (./main.vrb
\openout5 = `main.pyg'.

 (./_minted-main/3303CAE73265AE54E4B9305EB3DB7D8962FD7D625D48406DBBB4A37322801FAF.pygtex)) [76

]
\openout4 = `main.vrb'.

 (./main.vrb
\openout5 = `main.pyg'.

 (./_minted-main/1846188956212F1BC36A380FC162DE5462FD7D625D48406DBBB4A37322801FAF.pygtex)) [77

]
\openout4 = `main.vrb'.

 (./main.vrb
\openout5 = `main.pyg'.

 (./_minted-main/8BB27EF04983335A36A9C6B1A636AC9262FD7D625D48406DBBB4A37322801FAF.pygtex)) [78

]
\openout4 = `main.vrb'.

 (./main.vrb
\openout5 = `main.pyg'.

 (./_minted-main/6B2BFA5B4BC842589162C5D008A2694F62FD7D625D48406DBBB4A37322801FAF.pygtex)) [79

]
\openout4 = `main.vrb'.

 (./main.vrb
\openout5 = `main.pyg'.

 (./_minted-main/69C14F6205D61B41C943DB9D2D068D7E62FD7D625D48406DBBB4A37322801FAF.pygtex)) [80

]
\openout4 = `main.vrb'.

 (./main.vrb
\openout5 = `main.pyg'.

 (./_minted-main/596A3FE4F835A0C138E6D3362E44A83062FD7D625D48406DBBB4A37322801FAF.pygtex)) [81

]
\openout4 = `main.vrb'.

 (./main.vrb
\openout5 = `main.pyg'.

 (./_minted-main/07EE968F26BD4F437140DAC521490EAC62FD7D625D48406DBBB4A37322801FAF.pygtex)) [82

]
\openout4 = `main.vrb'.

 (./main.vrb
\openout5 = `main.pyg'.

 (./_minted-main/572091941CA4A92EAFACA397BFCD488662FD7D625D48406DBBB4A37322801FAF.pygtex)) [83

]
\openout4 = `main.vrb'.

 (./main.vrb
\openout5 = `main.pyg'.

 (./_minted-main/53831611576C5B56BAC4BA5CE34D492962FD7D625D48406DBBB4A37322801FAF.pygtex)) [84

]
\openout4 = `main.vrb'.

 (./main.vrb
\openout5 = `main.pyg'.

 (./_minted-main/01E9ACD5017CFABDA3FD93EC76709AB362FD7D625D48406DBBB4A37322801FAF.pygtex)) [85

]
\openout4 = `main.vrb'.

 (./main.vrb
\openout5 = `main.pyg'.

 (./_minted-main/282951E7A0B0F655BD2174C21F2757DB62FD7D625D48406DBBB4A37322801FAF.pygtex)) [86

]
\openout4 = `main.vrb'.

 (./main.vrb
\openout5 = `main.pyg'.

 (./_minted-main/581DD99B2ECA0B994289104CDCCD700462FD7D625D48406DBBB4A37322801FAF.pygtex)) [87

]
\openout4 = `main.vrb'.

 (./main.vrb
\openout5 = `main.pyg'.

 (./_minted-main/E3611612B509594374FD34DF4F738DE362FD7D625D48406DBBB4A37322801FAF.pygtex)) [88

]
\openout4 = `main.vrb'.

 (./main.vrb
\openout5 = `main.pyg'.

 (./_minted-main/6256E24DCDFD0819C0E4B219743D2BEF62FD7D625D48406DBBB4A37322801FAF.pygtex)) [89

]
\openout4 = `main.vrb'.

 (./main.vrb
\openout5 = `main.pyg'.

 (./_minted-main/F472F9B98F31804FD3E73135AA94355662FD7D625D48406DBBB4A37322801FAF.pygtex)) [90

]
\openout4 = `main.vrb'.

 (./main.vrb
\openout5 = `main.pyg'.

 (./_minted-main/05C1303FAA992F75BBE822B315D7A19662FD7D625D48406DBBB4A37322801FAF.pygtex)) [91

]
\openout4 = `main.vrb'.

 (./main.vrb
\openout5 = `main.pyg'.

 (./_minted-main/5B3589676AD54930410147D5F0A9A6DA62FD7D625D48406DBBB4A37322801FAF.pygtex)) [92

]
\openout4 = `main.vrb'.

 (./main.vrb
\openout5 = `main.pyg'.

 (./_minted-main/DCE603F726F3B5D718255BCDF8F82C2F62FD7D625D48406DBBB4A37322801FAF.pygtex)) [93

]
\openout4 = `main.vrb'.

 (./main.vrb
\openout5 = `main.pyg'.

 (./_minted-main/A33134EAC887173C50CBEB995B06CE7F62FD7D625D48406DBBB4A37322801FAF.pygtex)) [94

]
\openout4 = `main.vrb'.

 (./main.vrb
\openout5 = `main.pyg'.

 (./_minted-main/698051952F088C88F46C94F8E215189062FD7D625D48406DBBB4A37322801FAF.pygtex)) [95

]
\openout4 = `main.vrb'.

 (./main.vrb
\openout5 = `main.pyg'.

 (./_minted-main/EF23B48F8AB553A96D0055C2D189D88862FD7D625D48406DBBB4A37322801FAF.pygtex)) [96

]
\openout4 = `main.vrb'.

 (./main.vrb
\openout5 = `main.pyg'.

 (./_minted-main/E0A5389CE83F5621619E4BC6B1BE1A5862FD7D625D48406DBBB4A37322801FAF.pygtex)) [97

]
\openout4 = `main.vrb'.

 (./main.vrb
\openout5 = `main.pyg'.

 (./_minted-main/5413DE55BC85D49BCAFFE50320056CE162FD7D625D48406DBBB4A37322801FAF.pygtex)) [98

]
\openout4 = `main.vrb'.

 (./main.vrb
\openout5 = `main.pyg'.

 (./_minted-main/CDB1F8F560D9F9389220C914AA1A7BC462FD7D625D48406DBBB4A37322801FAF.pygtex)) [99

]
\openout4 = `main.vrb'.

 (./main.vrb
\openout5 = `main.pyg'.

 (./_minted-main/855229B98D23B653DAA71338BE00A97F62FD7D625D48406DBBB4A37322801FAF.pygtex)) [100

]
\openout4 = `main.vrb'.

 (./main.vrb
\openout5 = `main.pyg'.

 (./_minted-main/5DA5BCDE2F78FE45AFEED693E94D0DD962FD7D625D48406DBBB4A37322801FAF.pygtex)) [101

]
\openout4 = `main.vrb'.

 (./main.vrb
\openout5 = `main.pyg'.

 (./_minted-main/4342A55ECFA93C81754B91C03B19F6E862FD7D625D48406DBBB4A37322801FAF.pygtex)) [102

]
\openout4 = `main.vrb'.

 (./main.vrb
\openout5 = `main.pyg'.

 (./_minted-main/1DFA22C6CD5D4F89ADD25EB873E64CE162FD7D625D48406DBBB4A37322801FAF.pygtex

LaTeX Font Warning: Font shape `TS1/cmtt/m/n' in size <4> not available
(Font)              size <5> substituted on input line 15.

))
Overfull \vbox (3.04558pt too high) detected at line 1497
 []

[103

]
\openout4 = `main.vrb'.

 (./main.vrb
\openout5 = `main.pyg'.

 (./_minted-main/7725E56A121051D8E83AFE234131B75C62FD7D625D48406DBBB4A37322801FAF.pygtex))
Overfull \vbox (3.04558pt too high) detected at line 1548
 []

[104

]
\openout4 = `main.vrb'.

 (./main.vrb
\openout5 = `main.pyg'.

 (./_minted-main/C9E7DF861980806E2C76C43EC7C9326862FD7D625D48406DBBB4A37322801FAF.pygtex)) [105

]
\openout4 = `main.vrb'.

 (./main.vrb
\openout5 = `main.pyg'.

 (./_minted-main/3DA5CFDC7BC1827A33C0B8EB7E98C06062FD7D625D48406DBBB4A37322801FAF.pygtex)) [106

]
\openout4 = `main.vrb'.

 (./main.vrb
\openout5 = `main.pyg'.

 (./_minted-main/2A55D7DB10BC2A469652692D67FE7FCC62FD7D625D48406DBBB4A37322801FAF.pygtex)) [107

]
\openout4 = `main.vrb'.

 (./main.vrb
\openout5 = `main.pyg'.

 (./_minted-main/9A057207790643F591853D4BA822F29A62FD7D625D48406DBBB4A37322801FAF.pygtex)) [108

]
\openout4 = `main.vrb'.

 (./main.vrb
\openout5 = `main.pyg'.

 (./_minted-main/8432B6130238DD2CAF34B8CE8364E33D62FD7D625D48406DBBB4A37322801FAF.pygtex)) [109

]
\openout4 = `main.vrb'.

 (./main.vrb
\openout5 = `main.pyg'.

 (./_minted-main/C5A5C49DFCE230ADE791CA2E2D7A860862FD7D625D48406DBBB4A37322801FAF.pygtex)) [110

])
\tf@nav=\write9
\openout9 = `main.nav'.

\tf@toc=\write10
\openout10 = `main.toc'.

\tf@snm=\write11
\openout11 = `main.snm'.

 (./main.aux)

LaTeX Font Warning: Size substitutions with differences
(Font)              up to 1.0pt have occurred.

Package rerunfilecheck Info: File `main.out' has not changed.
(rerunfilecheck)             Checksum: 6516B02F6A620390B53338CA33362D2D;898.
runsystem(rm main.pyg)...executed.

 ) 
Here is how much of TeX's memory you used:
 50016 strings out of 478268
 1209265 string characters out of 5846354
 1718411 words of memory out of 5000000
 66930 multiletter control sequences out of 15000+600000
 488781 words of font info for 82 fonts, out of 8000000 for 9000
 1141 hyphenation exceptions out of 8191
 128i,20n,122p,1331b,779s stack positions out of 10000i,1000n,20000p,200000b,200000s
{/usr/local/texlive/2022/texmf-dist/fonts/enc/dvips/cm-super/cm-super-ts1.enc}{/usr/local/texlive/2022/texmf-dist/fonts/enc/dvips/cm-super/cm-super-t1.enc}</usr/local/texlive/2022/texmf-dist/fonts/type1/public/amsfonts/cm/cmbx10.pfb></usr/local/texlive/2022/texmf-dist/fonts/type1/public/amsfonts/cm/cmbx6.pfb></usr/local/texlive/2022/texmf-dist/fonts/type1/public/amsfonts/cm/cmbx8.pfb></usr/local/texlive/2022/texmf-dist/fonts/type1/public/amsfonts/cm/cmbx9.pfb></usr/local/texlive/2022/texmf-dist/fonts/type1/public/amsfonts/cm/cmex10.pfb></usr/local/texlive/2022/texmf-dist/fonts/type1/public/amsfonts/cmextra/cmex7.pfb></usr/local/texlive/2022/texmf-dist/fonts/type1/public/amsfonts/cmextra/cmex9.pfb></usr/local/texlive/2022/texmf-dist/fonts/type1/public/amsfonts/cm/cmmi10.pfb></usr/local/texlive/2022/texmf-dist/fonts/type1/public/amsfonts/cm/cmmi5.pfb></usr/local/texlive/2022/texmf-dist/fonts/type1/public/amsfonts/cm/cmmi6.pfb></usr/local/texlive/2022/texmf-dist/fonts/type1/public/amsfonts/cm/cmmi8.pfb></usr/local/texlive/2022/texmf-dist/fonts/type1/public/amsfonts/cm/cmmi9.pfb></usr/local/texlive/2022/texmf-dist/fonts/type1/public/amsfonts/cm/cmr10.pfb></usr/local/texlive/2022/texmf-dist/fonts/type1/public/amsfonts/cm/cmr5.pfb></usr/local/texlive/2022/texmf-dist/fonts/type1/public/amsfonts/cm/cmr6.pfb></usr/local/texlive/2022/texmf-dist/fonts/type1/public/amsfonts/cm/cmr8.pfb></usr/local/texlive/2022/texmf-dist/fonts/type1/public/amsfonts/cm/cmr9.pfb></usr/local/texlive/2022/texmf-dist/fonts/type1/public/amsfonts/cm/cmsy10.pfb></usr/local/texlive/2022/texmf-dist/fonts/type1/public/amsfonts/cm/cmsy5.pfb></usr/local/texlive/2022/texmf-dist/fonts/type1/public/amsfonts/cm/cmsy6.pfb></usr/local/texlive/2022/texmf-dist/fonts/type1/public/amsfonts/cm/cmsy8.pfb></usr/local/texlive/2022/texmf-dist/fonts/type1/public/amsfonts/cm/cmsy9.pfb></usr/local/texlive/2022/texmf-dist/fonts/type1/public/amsfonts/symbols/msam10.pfb></usr/local/texlive/2022/texmf-dist/fonts/type1/public/amsfonts/symbols/msam7.pfb></usr/local/texlive/2022/texmf-dist/fonts/type1/public/amsfonts/symbols/msbm10.pfb></usr/local/texlive/2022/texmf-dist/fonts/type1/public/cm-super/sfbx1095.pfb></usr/local/texlive/2022/texmf-dist/fonts/type1/public/cm-super/sfit0800.pfb></usr/local/texlive/2022/texmf-dist/fonts/type1/public/cm-super/sfrm0600.pfb></usr/local/texlive/2022/texmf-dist/fonts/type1/public/cm-super/sfrm0800.pfb></usr/local/texlive/2022/texmf-dist/fonts/type1/public/cm-super/sfrm0900.pfb></usr/local/texlive/2022/texmf-dist/fonts/type1/public/cm-super/sfrm1000.pfb></usr/local/texlive/2022/texmf-dist/fonts/type1/public/cm-super/sfrm1095.pfb></usr/local/texlive/2022/texmf-dist/fonts/type1/public/cm-super/sfrm1200.pfb></usr/local/texlive/2022/texmf-dist/fonts/type1/public/cm-super/sfrm1440.pfb></usr/local/texlive/2022/texmf-dist/fonts/type1/public/cm-super/sfrm2488.pfb></usr/local/texlive/2022/texmf-dist/fonts/type1/public/cm-super/sftt0800.pfb>
Output written on main.pdf (110 pages, 4866347 bytes).
PDF statistics:
 1492 PDF objects out of 1728 (max. 8388607)
 1006 compressed objects within 11 object streams
 226 named destinations out of 1000 (max. 500000)
 1759 words of extra memory for PDF output out of 10000 (max. 10000000)

